# Format: datatools::multi_properties

#@description Vire users table
#@key_label "uid"
#@meta_label "type"

#################################
[uid="0" type="vire::user::user"]

#@description Name
name : string = "admin"

#@description Display name
display_name : string = "Administrator"

#@description Short description
terse_description : string = "This is a mock Vire user"

aux.email : string = "admin@myexperiment.org"
aux.type : string = "human"


####################################
[uid="2000" type="vire::user::user"]

#@description Name
name : string = "johndoe"

#@description Display name
display_name : string = "John Doe"

#@description Short description
terse_description : string = "This is a mock Vire user"

aux.email : string = "johndoe@myexperiment.org"
aux.phone : string = "(+00) 1 23 45 67 89"
aux.type : string = "human"


####################################
[uid="2001" type="vire::user::user"]

#@description Name
name : string = "hvmonitor"

#@description Display name
display_name : string = "HV monitor"

#@description Short description
terse_description : string = "This is a mock Vire robot user"

aux.type : string = "robot"


####################################
[uid="2002" type="vire::user::user"]

#@description Name
name : string = "foo"

#@description Display name
display_name : string = "Foo user"

#@description Short description
terse_description : string = "This is a mock Vire user"

aux.email : string = "foo@myexperiment.org"
aux.phone : string = "(+00) 9 87 65 43 21"
aux.type : string = "human"


####################################
[uid="2003" type="vire::user::user"]

#@description Name
name : string = "bar"

#@description Display name
display_name : string = "Bar user"

#@description Short description
terse_description : string = "This is a mock Vire user"

aux.email : string = "bar@myexperiment.org"
aux.phone : string = "(+00) 6 19 82 73 54"
aux.type : string = "human"


####################################
[uid="2004" type="vire::user::user"]

#@description Name
name : string = "nemoprod"

#@description Display name
display_name : string = "SuperNEMO production account"

#@description Short description
terse_description : string = "This is a mock Vire user"

aux.type : string = "human"


####################################
[uid="2005" type="vire::user::user"]

#@description Name
name : string = "nemodev"

#@description Display name
display_name : string = "SuperNEMO development account"

#@description Short description
terse_description : string = "This is a mock Vire user"

aux.type : string = "human"


####################################
[uid="2006" type="vire::user::user"]

#@description Name
name : string = "nemotest"

#@description Display name
display_name : string = "SuperNEMO testing account"

#@description Short description
terse_description : string = "This is a mock Vire user"

aux.type : string = "human"


####################################
[uid="2007" type="vire::user::user"]

#@description Name
name : string = "nemobot"

#@description Display name
display_name : string = "SuperNEMO production account"

#@description Short description
terse_description : string = "This is a mock Vire user"

aux.type : string = "robot"


# end
