@snemo:config/common/devices/1.0/models/network/network.vdm
@snemo:config/common/devices/1.0/models/computer/computer.vdm
@snemo:config/common/devices/1.0/models/electronics/samlong.vdm
@snemo:config/snemo/demonstrator/devices/0.1/models/demonstrator/electronics/trigger_board.vdm
@snemo:config/snemo/demonstrator/devices/0.1/models/demonstrator/electronics/feast_asic.vdm
@snemo:config/snemo/demonstrator/devices/0.1/models/demonstrator/electronics/tracker_feb.vdm
@snemo:config/snemo/demonstrator/devices/0.1/models/demonstrator/electronics/tracker_control_board.vdm
@snemo:config/snemo/demonstrator/devices/0.1/models/demonstrator/electronics/tracker_crates.vdm
@snemo:config/snemo/demonstrator/devices/0.1/models/demonstrator/electronics/tracker_hv_crate.vdm
@snemo:config/snemo/demonstrator/devices/0.1/models/demonstrator/electronics/calo_feb.vdm
@snemo:config/snemo/demonstrator/devices/0.1/models/demonstrator/electronics/calo_control_board.vdm
@snemo:config/snemo/demonstrator/devices/0.1/models/demonstrator/electronics/calo_crates.vdm
@snemo:config/snemo/demonstrator/devices/0.1/models/demonstrator/electronics/calo_hv_crate.vdm
@snemo:config/snemo/demonstrator/devices/0.1/models/demonstrator/electronics/ads_crates.vdm
@snemo:config/snemo/demonstrator/devices/0.1/models/demonstrator/electronics/miscellaneous.vdm
@snemo:config/snemo/demonstrator/devices/0.1/models/demonstrator/electronics/rack_0.vdm
@snemo:config/snemo/demonstrator/devices/0.1/models/demonstrator/electronics/rack_1.vdm
@snemo:config/snemo/demonstrator/devices/0.1/models/demonstrator/electronics/rack_2.vdm
@snemo:config/snemo/demonstrator/devices/0.1/models/demonstrator/electronics/rack_3.vdm
@snemo:config/snemo/demonstrator/devices/0.1/models/demonstrator/electronics/rack_4.vdm
@snemo:config/snemo/demonstrator/devices/0.1/models/demonstrator/electronics/rack_5.vdm
@snemo:config/snemo/demonstrator/devices/0.1/models/demonstrator/electronics/electronics.vdm
